C:\USERS\LINDA\DESKTOP\DISPARITYCALCULATION\DEBUG\BITMAPCREATOR.OBJ
C:\USERS\LINDA\DESKTOP\DISPARITYCALCULATION\DEBUG\CALIHELPER.OBJ
C:\USERS\LINDA\DESKTOP\DISPARITYCALCULATION\DEBUG\DISPARITYCALCULATION.EXE
C:\USERS\LINDA\DESKTOP\DISPARITYCALCULATION\DEBUG\DISPARITYCALCULATION.EXE.EMBED.MANIFEST
C:\USERS\LINDA\DESKTOP\DISPARITYCALCULATION\DEBUG\DISPARITYCALCULATION.EXE.EMBED.MANIFEST.RES
C:\USERS\LINDA\DESKTOP\DISPARITYCALCULATION\DEBUG\DISPARITYCALCULATION.EXE.INTERMEDIATE.MANIFEST
C:\USERS\LINDA\DESKTOP\DISPARITYCALCULATION\DEBUG\DISPARITYCALCULATION.ILK
C:\USERS\LINDA\DESKTOP\DISPARITYCALCULATION\DEBUG\DISPARITYCALCULATION.PDB
C:\USERS\LINDA\DESKTOP\DISPARITYCALCULATION\DEBUG\LCR_COMMAND_PACKETIZER.OBJ
C:\USERS\LINDA\DESKTOP\DISPARITYCALCULATION\DEBUG\LCR_COMMANDER.OBJ
C:\USERS\LINDA\DESKTOP\DISPARITYCALCULATION\DEBUG\LIGHTCRAFTER.OBJ
C:\USERS\LINDA\DESKTOP\DISPARITYCALCULATION\DEBUG\MAIN.OBJ
C:\USERS\LINDA\DESKTOP\DISPARITYCALCULATION\DEBUG\PGCAM.OBJ
C:\USERS\LINDA\DESKTOP\DISPARITYCALCULATION\DEBUG\TCP.OBJ
C:\USERS\LINDA\DESKTOP\DISPARITYCALCULATION\DEBUG\VC100.PDB
C:\USERS\LINDA\DESKTOP\DISPARITYCALCULATION\DEBUG\WCALIBRATION.OBJ
C:\USERS\LINDA\DOCUMENTS\GITHUB\STEREOCALIBRATION\DEBUG\BITMAPCREATOR.OBJ
C:\USERS\LINDA\DOCUMENTS\GITHUB\STEREOCALIBRATION\DEBUG\CALIHELPER.OBJ
C:\Users\linda\Documents\GitHub\StereoCalibration\Debug\cl.command.1.tlog
C:\Users\linda\Documents\GitHub\StereoCalibration\Debug\CL.read.1.tlog
C:\Users\linda\Documents\GitHub\StereoCalibration\Debug\CL.write.1.tlog
C:\USERS\LINDA\DOCUMENTS\GITHUB\STEREOCALIBRATION\DEBUG\DISPARITYCALCULATION.EXE
C:\Users\linda\Documents\GitHub\StereoCalibration\Debug\DisparityCalculation.exe.embed.manifest
C:\USERS\LINDA\DOCUMENTS\GITHUB\STEREOCALIBRATION\DEBUG\DISPARITYCALCULATION.EXE.EMBED.MANIFEST.RES
C:\USERS\LINDA\DOCUMENTS\GITHUB\STEREOCALIBRATION\DEBUG\DISPARITYCALCULATION.EXE.INTERMEDIATE.MANIFEST
C:\USERS\LINDA\DOCUMENTS\GITHUB\STEREOCALIBRATION\DEBUG\DISPARITYCALCULATION.ILK
C:\USERS\LINDA\DOCUMENTS\GITHUB\STEREOCALIBRATION\DEBUG\DISPARITYCALCULATION.PDB
C:\Users\linda\Documents\GitHub\StereoCalibration\Debug\DisparityCalculation.vcxprojResolveAssemblyReference.cache
C:\Users\linda\Documents\GitHub\StereoCalibration\Debug\DisparityCalculation.write.1.tlog
C:\Users\linda\Documents\GitHub\StereoCalibration\Debug\DisparityCalculation_manifest.rc
C:\USERS\LINDA\DOCUMENTS\GITHUB\STEREOCALIBRATION\DEBUG\LCR_COMMAND_PACKETIZER.OBJ
C:\USERS\LINDA\DOCUMENTS\GITHUB\STEREOCALIBRATION\DEBUG\LCR_COMMANDER.OBJ
C:\USERS\LINDA\DOCUMENTS\GITHUB\STEREOCALIBRATION\DEBUG\LIGHTCRAFTER.OBJ
C:\Users\linda\Documents\GitHub\StereoCalibration\Debug\link.1244.read.1.tlog
C:\Users\linda\Documents\GitHub\StereoCalibration\Debug\link.1244.write.1.tlog
C:\Users\linda\Documents\GitHub\StereoCalibration\Debug\link.1244-cvtres.read.1.tlog
C:\Users\linda\Documents\GitHub\StereoCalibration\Debug\link.1244-cvtres.write.1.tlog
C:\Users\linda\Documents\GitHub\StereoCalibration\Debug\link.340.read.1.tlog
C:\Users\linda\Documents\GitHub\StereoCalibration\Debug\link.340.write.1.tlog
C:\Users\linda\Documents\GitHub\StereoCalibration\Debug\link.340-cvtres.read.1.tlog
C:\Users\linda\Documents\GitHub\StereoCalibration\Debug\link.340-cvtres.write.1.tlog
C:\Users\linda\Documents\GitHub\StereoCalibration\Debug\link.7676.read.1.tlog
C:\Users\linda\Documents\GitHub\StereoCalibration\Debug\link.7676.write.1.tlog
C:\Users\linda\Documents\GitHub\StereoCalibration\Debug\link.7676-cvtres.read.1.tlog
C:\Users\linda\Documents\GitHub\StereoCalibration\Debug\link.7676-cvtres.write.1.tlog
C:\Users\linda\Documents\GitHub\StereoCalibration\Debug\link.8700.read.1.tlog
C:\Users\linda\Documents\GitHub\StereoCalibration\Debug\link.8700.write.1.tlog
C:\Users\linda\Documents\GitHub\StereoCalibration\Debug\link.8700-cvtres.read.1.tlog
C:\Users\linda\Documents\GitHub\StereoCalibration\Debug\link.8700-cvtres.write.1.tlog
C:\Users\linda\Documents\GitHub\StereoCalibration\Debug\link.8836.read.1.tlog
C:\Users\linda\Documents\GitHub\StereoCalibration\Debug\link.8836.write.1.tlog
C:\Users\linda\Documents\GitHub\StereoCalibration\Debug\link.8836-cvtres.read.1.tlog
C:\Users\linda\Documents\GitHub\StereoCalibration\Debug\link.8836-cvtres.write.1.tlog
C:\Users\linda\Documents\GitHub\StereoCalibration\Debug\link.command.1.tlog
C:\Users\linda\Documents\GitHub\StereoCalibration\Debug\link.read.1.tlog
C:\Users\linda\Documents\GitHub\StereoCalibration\Debug\link.write.1.tlog
C:\Users\linda\Documents\GitHub\StereoCalibration\Debug\link-cvtres.read.1.tlog
C:\Users\linda\Documents\GitHub\StereoCalibration\Debug\link-cvtres.write.1.tlog
C:\USERS\LINDA\DOCUMENTS\GITHUB\STEREOCALIBRATION\DEBUG\MAIN.OBJ
C:\Users\linda\Documents\GitHub\StereoCalibration\Debug\mt.command.1.tlog
C:\Users\linda\Documents\GitHub\StereoCalibration\Debug\mt.read.1.tlog
C:\Users\linda\Documents\GitHub\StereoCalibration\Debug\mt.write.1.tlog
C:\USERS\LINDA\DOCUMENTS\GITHUB\STEREOCALIBRATION\DEBUG\PGCAM.OBJ
C:\Users\linda\Documents\GitHub\StereoCalibration\Debug\rc.command.1.tlog
C:\Users\linda\Documents\GitHub\StereoCalibration\Debug\rc.read.1.tlog
C:\Users\linda\Documents\GitHub\StereoCalibration\Debug\rc.write.1.tlog
C:\USERS\LINDA\DOCUMENTS\GITHUB\STEREOCALIBRATION\DEBUG\TCP.OBJ
C:\Users\linda\Documents\GitHub\StereoCalibration\Debug\vc100.idb
C:\USERS\LINDA\DOCUMENTS\GITHUB\STEREOCALIBRATION\DEBUG\VC100.PDB
C:\USERS\LINDA\DOCUMENTS\GITHUB\STEREOCALIBRATION\DEBUG\WCALIBRATION.OBJ
