C:\USERS\LINDA\DROPBOX\STEREO\DISPARITYCALCULATION\X64\DEBUG\CALIBRATE.OBJ
C:\Users\linda\Dropbox\Stereo\DisparityCalculation\x64\Debug\cl.command.1.tlog
C:\Users\linda\Dropbox\Stereo\DisparityCalculation\x64\Debug\CL.read.1.tlog
C:\Users\linda\Dropbox\Stereo\DisparityCalculation\x64\Debug\CL.write.1.tlog
C:\Users\linda\Dropbox\Stereo\DisparityCalculation\x64\Debug\DisparityCalculation.exe.embed.manifest
C:\USERS\LINDA\DROPBOX\STEREO\DISPARITYCALCULATION\X64\DEBUG\DISPARITYCALCULATION.EXE.EMBED.MANIFEST.RES
C:\Users\linda\Dropbox\Stereo\DisparityCalculation\x64\Debug\DisparityCalculation.exe.intermediate.manifest
C:\Users\linda\Dropbox\Stereo\DisparityCalculation\x64\Debug\DisparityCalculation.pdb
C:\Users\linda\Dropbox\Stereo\DisparityCalculation\x64\Debug\DisparityCalculation.vcxprojResolveAssemblyReference.cache
C:\Users\linda\Dropbox\Stereo\DisparityCalculation\x64\Debug\DisparityCalculation.write.1.tlog
C:\Users\linda\Dropbox\Stereo\DisparityCalculation\x64\Debug\DisparityCalculation_manifest.rc
C:\Users\linda\Dropbox\Stereo\DisparityCalculation\x64\Debug\link.command.1.tlog
C:\Users\linda\Dropbox\Stereo\DisparityCalculation\x64\Debug\link.read.1.tlog
C:\Users\linda\Dropbox\Stereo\DisparityCalculation\x64\Debug\link.write.1.tlog
C:\Users\linda\Dropbox\Stereo\DisparityCalculation\x64\Debug\link-cvtres.read.1.tlog
C:\Users\linda\Dropbox\Stereo\DisparityCalculation\x64\Debug\link-cvtres.write.1.tlog
C:\USERS\LINDA\DROPBOX\STEREO\DISPARITYCALCULATION\X64\DEBUG\MAIN.OBJ
C:\Users\linda\Dropbox\Stereo\DisparityCalculation\x64\Debug\rc.command.1.tlog
C:\Users\linda\Dropbox\Stereo\DisparityCalculation\x64\Debug\rc.read.1.tlog
C:\Users\linda\Dropbox\Stereo\DisparityCalculation\x64\Debug\rc.write.1.tlog
C:\Users\linda\Dropbox\Stereo\DisparityCalculation\x64\Debug\vc100.idb
C:\USERS\LINDA\DROPBOX\STEREO\DISPARITYCALCULATION\X64\DEBUG\VC100.PDB
